{"C:\\Users\\Janus\\OneDrive\\descargas\\home-backend-COMPLETO\\home-backend-full\\src\\services\\authService.js": {"path":"C:\\Users\\Janus\\OneDrive\\descargas\\home-backend-COMPLETO\\home-backend-full\\src\\services\\authService.js","statementMap":{"0":{"start":{"line":1,"column":15},"end":{"line":1,"column":32}},"1":{"start":{"line":2,"column":17},"end":{"line":2,"column":37}},"2":{"start":{"line":3,"column":130},"end":{"line":3,"column":153}},"3":{"start":{"line":5,"column":17},"end":{"line":14,"column":1}},"4":{"start":{"line":6,"column":2},"end":{"line":8,"column":3}},"5":{"start":{"line":7,"column":14},"end":{"line":7,"column":57}},"6":{"start":{"line":7,"column":59},"end":{"line":7,"column":78}},"7":{"start":{"line":7,"column":79},"end":{"line":7,"column":87}},"8":{"start":{"line":9,"column":28},"end":{"line":9,"column":66}},"9":{"start":{"line":10,"column":15},"end":{"line":10,"column":117}},"10":{"start":{"line":11,"column":40},"end":{"line":11,"column":74}},"11":{"start":{"line":12,"column":2},"end":{"line":12,"column":48}},"12":{"start":{"line":13,"column":2},"end":{"line":13,"column":64}},"13":{"start":{"line":16,"column":14},"end":{"line":25,"column":1}},"14":{"start":{"line":17,"column":15},"end":{"line":17,"column":55}},"15":{"start":{"line":18,"column":2},"end":{"line":18,"column":94}},"16":{"start":{"line":18,"column":25},"end":{"line":18,"column":62}},"17":{"start":{"line":18,"column":64},"end":{"line":18,"column":83}},"18":{"start":{"line":18,"column":84},"end":{"line":18,"column":92}},"19":{"start":{"line":19,"column":2},"end":{"line":19,"column":98}},"20":{"start":{"line":19,"column":35},"end":{"line":19,"column":66}},"21":{"start":{"line":19,"column":68},"end":{"line":19,"column":87}},"22":{"start":{"line":19,"column":88},"end":{"line":19,"column":96}},"23":{"start":{"line":20,"column":2},"end":{"line":20,"column":126}},"24":{"start":{"line":20,"column":57},"end":{"line":20,"column":94}},"25":{"start":{"line":20,"column":96},"end":{"line":20,"column":115}},"26":{"start":{"line":20,"column":116},"end":{"line":20,"column":124}},"27":{"start":{"line":21,"column":2},"end":{"line":21,"column":48}},"28":{"start":{"line":22,"column":40},"end":{"line":22,"column":74}},"29":{"start":{"line":23,"column":2},"end":{"line":23,"column":48}},"30":{"start":{"line":24,"column":2},"end":{"line":24,"column":64}},"31":{"start":{"line":27,"column":22},"end":{"line":38,"column":1}},"32":{"start":{"line":29,"column":2},"end":{"line":30,"column":87}},"33":{"start":{"line":29,"column":8},"end":{"line":29,"column":51}},"34":{"start":{"line":30,"column":20},"end":{"line":30,"column":55}},"35":{"start":{"line":30,"column":57},"end":{"line":30,"column":76}},"36":{"start":{"line":30,"column":77},"end":{"line":30,"column":85}},"37":{"start":{"line":31,"column":17},"end":{"line":31,"column":60}},"38":{"start":{"line":32,"column":2},"end":{"line":32,"column":121}},"39":{"start":{"line":32,"column":53},"end":{"line":32,"column":89}},"40":{"start":{"line":32,"column":91},"end":{"line":32,"column":110}},"41":{"start":{"line":32,"column":111},"end":{"line":32,"column":119}},"42":{"start":{"line":33,"column":15},"end":{"line":33,"column":50}},"43":{"start":{"line":34,"column":2},"end":{"line":34,"column":110}},"44":{"start":{"line":34,"column":44},"end":{"line":34,"column":78}},"45":{"start":{"line":34,"column":80},"end":{"line":34,"column":99}},"46":{"start":{"line":34,"column":100},"end":{"line":34,"column":108}},"47":{"start":{"line":35,"column":17},"end":{"line":35,"column":51}},"48":{"start":{"line":36,"column":2},"end":{"line":36,"column":55}},"49":{"start":{"line":37,"column":2},"end":{"line":37,"column":48}},"50":{"start":{"line":40,"column":15},"end":{"line":47,"column":1}},"51":{"start":{"line":41,"column":2},"end":{"line":41,"column":35}},"52":{"start":{"line":42,"column":18},"end":{"line":42,"column":61}},"53":{"start":{"line":43,"column":2},"end":{"line":46,"column":3}},"54":{"start":{"line":44,"column":16},"end":{"line":44,"column":59}},"55":{"start":{"line":45,"column":4},"end":{"line":45,"column":62}},"56":{"start":{"line":45,"column":17},"end":{"line":45,"column":62}},"57":{"start":{"line":49,"column":23},"end":{"line":57,"column":1}},"58":{"start":{"line":50,"column":15},"end":{"line":50,"column":55}},"59":{"start":{"line":51,"column":2},"end":{"line":51,"column":80}},"60":{"start":{"line":51,"column":13},"end":{"line":51,"column":80}},"61":{"start":{"line":52,"column":21},"end":{"line":52,"column":59}},"62":{"start":{"line":53,"column":2},"end":{"line":53,"column":114}},"63":{"start":{"line":54,"column":2},"end":{"line":55,"column":83}},"64":{"start":{"line":55,"column":4},"end":{"line":55,"column":83}},"65":{"start":{"line":56,"column":2},"end":{"line":56,"column":69}},"66":{"start":{"line":59,"column":22},"end":{"line":67,"column":1}},"67":{"start":{"line":60,"column":15},"end":{"line":60,"column":77}},"68":{"start":{"line":61,"column":2},"end":{"line":63,"column":3}},"69":{"start":{"line":62,"column":14},"end":{"line":62,"column":52}},"70":{"start":{"line":62,"column":54},"end":{"line":62,"column":73}},"71":{"start":{"line":62,"column":74},"end":{"line":62,"column":82}},"72":{"start":{"line":64,"column":2},"end":{"line":64,"column":105}},"73":{"start":{"line":65,"column":2},"end":{"line":65,"column":36}},"74":{"start":{"line":66,"column":2},"end":{"line":66,"column":47}},"75":{"start":{"line":69,"column":0},"end":{"line":69,"column":91}}},"fnMap":{"0":{"name":"(anonymous_0)","decl":{"start":{"line":5,"column":17},"end":{"line":5,"column":18}},"loc":{"start":{"line":5,"column":85},"end":{"line":14,"column":1}},"line":5},"1":{"name":"(anonymous_1)","decl":{"start":{"line":16,"column":14},"end":{"line":16,"column":15}},"loc":{"start":{"line":16,"column":45},"end":{"line":25,"column":1}},"line":16},"2":{"name":"(anonymous_2)","decl":{"start":{"line":27,"column":22},"end":{"line":27,"column":23}},"loc":{"start":{"line":27,"column":46},"end":{"line":38,"column":1}},"line":27},"3":{"name":"(anonymous_3)","decl":{"start":{"line":40,"column":15},"end":{"line":40,"column":16}},"loc":{"start":{"line":40,"column":46},"end":{"line":47,"column":1}},"line":40},"4":{"name":"(anonymous_4)","decl":{"start":{"line":49,"column":23},"end":{"line":49,"column":24}},"loc":{"start":{"line":49,"column":40},"end":{"line":57,"column":1}},"line":49},"5":{"name":"(anonymous_5)","decl":{"start":{"line":59,"column":22},"end":{"line":59,"column":23}},"loc":{"start":{"line":59,"column":52},"end":{"line":67,"column":1}},"line":59}},"branchMap":{"0":{"loc":{"start":{"line":5,"column":56},"end":{"line":5,"column":72}},"type":"default-arg","locations":[{"start":{"line":5,"column":63},"end":{"line":5,"column":72}}],"line":5},"1":{"loc":{"start":{"line":6,"column":2},"end":{"line":8,"column":3}},"type":"if","locations":[{"start":{"line":6,"column":2},"end":{"line":8,"column":3}},{"start":{},"end":{}}],"line":6},"2":{"loc":{"start":{"line":18,"column":2},"end":{"line":18,"column":94}},"type":"if","locations":[{"start":{"line":18,"column":2},"end":{"line":18,"column":94}},{"start":{},"end":{}}],"line":18},"3":{"loc":{"start":{"line":19,"column":2},"end":{"line":19,"column":98}},"type":"if","locations":[{"start":{"line":19,"column":2},"end":{"line":19,"column":98}},{"start":{},"end":{}}],"line":19},"4":{"loc":{"start":{"line":20,"column":2},"end":{"line":20,"column":126}},"type":"if","locations":[{"start":{"line":20,"column":2},"end":{"line":20,"column":126}},{"start":{},"end":{}}],"line":20},"5":{"loc":{"start":{"line":32,"column":2},"end":{"line":32,"column":121}},"type":"if","locations":[{"start":{"line":32,"column":2},"end":{"line":32,"column":121}},{"start":{},"end":{}}],"line":32},"6":{"loc":{"start":{"line":32,"column":6},"end":{"line":32,"column":39}},"type":"binary-expr","locations":[{"start":{"line":32,"column":6},"end":{"line":32,"column":12}},{"start":{"line":32,"column":16},"end":{"line":32,"column":39}}],"line":32},"7":{"loc":{"start":{"line":34,"column":2},"end":{"line":34,"column":110}},"type":"if","locations":[{"start":{"line":34,"column":2},"end":{"line":34,"column":110}},{"start":{},"end":{}}],"line":34},"8":{"loc":{"start":{"line":34,"column":6},"end":{"line":34,"column":30}},"type":"binary-expr","locations":[{"start":{"line":34,"column":6},"end":{"line":34,"column":11}},{"start":{"line":34,"column":15},"end":{"line":34,"column":30}}],"line":34},"9":{"loc":{"start":{"line":43,"column":2},"end":{"line":46,"column":3}},"type":"if","locations":[{"start":{"line":43,"column":2},"end":{"line":46,"column":3}},{"start":{},"end":{}}],"line":43},"10":{"loc":{"start":{"line":45,"column":4},"end":{"line":45,"column":62}},"type":"if","locations":[{"start":{"line":45,"column":4},"end":{"line":45,"column":62}},{"start":{},"end":{}}],"line":45},"11":{"loc":{"start":{"line":51,"column":2},"end":{"line":51,"column":80}},"type":"if","locations":[{"start":{"line":51,"column":2},"end":{"line":51,"column":80}},{"start":{},"end":{}}],"line":51},"12":{"loc":{"start":{"line":54,"column":2},"end":{"line":55,"column":83}},"type":"if","locations":[{"start":{"line":54,"column":2},"end":{"line":55,"column":83}},{"start":{},"end":{}}],"line":54},"13":{"loc":{"start":{"line":61,"column":2},"end":{"line":63,"column":3}},"type":"if","locations":[{"start":{"line":61,"column":2},"end":{"line":63,"column":3}},{"start":{},"end":{}}],"line":61},"14":{"loc":{"start":{"line":61,"column":6},"end":{"line":61,"column":55}},"type":"binary-expr","locations":[{"start":{"line":61,"column":6},"end":{"line":61,"column":11}},{"start":{"line":61,"column":15},"end":{"line":61,"column":55}}],"line":61}},"s":{"0":1,"1":1,"2":1,"3":1,"4":0,"5":0,"6":0,"7":0,"8":0,"9":0,"10":0,"11":0,"12":0,"13":1,"14":0,"15":0,"16":0,"17":0,"18":0,"19":0,"20":0,"21":0,"22":0,"23":0,"24":0,"25":0,"26":0,"27":0,"28":0,"29":0,"30":0,"31":1,"32":0,"33":0,"34":0,"35":0,"36":0,"37":0,"38":0,"39":0,"40":0,"41":0,"42":0,"43":0,"44":0,"45":0,"46":0,"47":0,"48":0,"49":0,"50":1,"51":0,"52":0,"53":0,"54":0,"55":0,"56":0,"57":1,"58":2,"59":2,"60":0,"61":2,"62":2,"63":2,"64":1,"65":1,"66":1,"67":0,"68":0,"69":0,"70":0,"71":0,"72":0,"73":0,"74":0,"75":1},"f":{"0":0,"1":0,"2":0,"3":0,"4":2,"5":0},"b":{"0":[0],"1":[0,0],"2":[0,0],"3":[0,0],"4":[0,0],"5":[0,0],"6":[0,0],"7":[0,0],"8":[0,0],"9":[0,0],"10":[0,0],"11":[0,2],"12":[1,1],"13":[0,0],"14":[0,0]},"_coverageSchema":"1a1c01bbd47fc00a2c39e90264f33305004495a9","hash":"de46ac1c771d2d1eea44c5c24d456db1a938abd7"}
,"C:\\Users\\Janus\\OneDrive\\descargas\\home-backend-COMPLETO\\home-backend-full\\src\\services\\projectService.js": {"path":"C:\\Users\\Janus\\OneDrive\\descargas\\home-backend-COMPLETO\\home-backend-full\\src\\services\\projectService.js","statementMap":{"0":{"start":{"line":1,"column":15},"end":{"line":1,"column":35}},"1":{"start":{"line":2,"column":48},"end":{"line":2,"column":68}},"2":{"start":{"line":5,"column":20},"end":{"line":9,"column":1}},"3":{"start":{"line":6,"column":16},"end":{"line":6,"column":35}},"4":{"start":{"line":7,"column":2},"end":{"line":7,"column":42}},"5":{"start":{"line":7,"column":16},"end":{"line":7,"column":42}},"6":{"start":{"line":8,"column":2},"end":{"line":8,"column":62}},"7":{"start":{"line":11,"column":23},"end":{"line":15,"column":1}},"8":{"start":{"line":12,"column":12},"end":{"line":12,"column":38}},"9":{"start":{"line":13,"column":2},"end":{"line":13,"column":89}},"10":{"start":{"line":13,"column":22},"end":{"line":13,"column":57}},"11":{"start":{"line":13,"column":59},"end":{"line":13,"column":78}},"12":{"start":{"line":13,"column":79},"end":{"line":13,"column":87}},"13":{"start":{"line":14,"column":2},"end":{"line":14,"column":11}},"14":{"start":{"line":17,"column":22},"end":{"line":17,"column":58}},"15":{"start":{"line":17,"column":38},"end":{"line":17,"column":58}},"16":{"start":{"line":20,"column":20},"end":{"line":40,"column":1}},"17":{"start":{"line":21,"column":16},"end":{"line":21,"column":18}},"18":{"start":{"line":22,"column":2},"end":{"line":29,"column":3}},"19":{"start":{"line":23,"column":4},"end":{"line":23,"column":30}},"20":{"start":{"line":24,"column":9},"end":{"line":29,"column":3}},"21":{"start":{"line":25,"column":18},"end":{"line":25,"column":101}},"22":{"start":{"line":26,"column":16},"end":{"line":26,"column":58}},"23":{"start":{"line":26,"column":43},"end":{"line":26,"column":55}},"24":{"start":{"line":27,"column":4},"end":{"line":27,"column":36}},"25":{"start":{"line":27,"column":26},"end":{"line":27,"column":36}},"26":{"start":{"line":28,"column":4},"end":{"line":28,"column":32}},"27":{"start":{"line":30,"column":2},"end":{"line":39,"column":5}},"28":{"start":{"line":42,"column":23},"end":{"line":68,"column":1}},"29":{"start":{"line":43,"column":18},"end":{"line":56,"column":4}},"30":{"start":{"line":57,"column":2},"end":{"line":57,"column":95}},"31":{"start":{"line":57,"column":28},"end":{"line":57,"column":63}},"32":{"start":{"line":57,"column":65},"end":{"line":57,"column":84}},"33":{"start":{"line":57,"column":85},"end":{"line":57,"column":93}},"34":{"start":{"line":58,"column":2},"end":{"line":60,"column":3}},"35":{"start":{"line":59,"column":14},"end":{"line":59,"column":53}},"36":{"start":{"line":59,"column":55},"end":{"line":59,"column":74}},"37":{"start":{"line":59,"column":75},"end":{"line":59,"column":83}},"38":{"start":{"line":61,"column":2},"end":{"line":66,"column":3}},"39":{"start":{"line":62,"column":28},"end":{"line":62,"column":105}},"40":{"start":{"line":63,"column":4},"end":{"line":65,"column":5}},"41":{"start":{"line":64,"column":16},"end":{"line":64,"column":55}},"42":{"start":{"line":64,"column":57},"end":{"line":64,"column":76}},"43":{"start":{"line":64,"column":77},"end":{"line":64,"column":85}},"44":{"start":{"line":67,"column":2},"end":{"line":67,"column":17}},"45":{"start":{"line":70,"column":22},"end":{"line":76,"column":1}},"46":{"start":{"line":71,"column":18},"end":{"line":71,"column":57}},"47":{"start":{"line":72,"column":2},"end":{"line":72,"column":95}},"48":{"start":{"line":72,"column":28},"end":{"line":72,"column":63}},"49":{"start":{"line":72,"column":65},"end":{"line":72,"column":84}},"50":{"start":{"line":72,"column":85},"end":{"line":72,"column":93}},"51":{"start":{"line":73,"column":17},"end":{"line":73,"column":87}},"52":{"start":{"line":74,"column":2},"end":{"line":74,"column":93}},"53":{"start":{"line":74,"column":27},"end":{"line":74,"column":61}},"54":{"start":{"line":74,"column":63},"end":{"line":74,"column":82}},"55":{"start":{"line":74,"column":83},"end":{"line":74,"column":91}},"56":{"start":{"line":75,"column":2},"end":{"line":75,"column":56}},"57":{"start":{"line":78,"column":28},"end":{"line":86,"column":1}},"58":{"start":{"line":79,"column":18},"end":{"line":79,"column":44}},"59":{"start":{"line":80,"column":2},"end":{"line":80,"column":95}},"60":{"start":{"line":80,"column":28},"end":{"line":80,"column":63}},"61":{"start":{"line":80,"column":65},"end":{"line":80,"column":84}},"62":{"start":{"line":80,"column":85},"end":{"line":80,"column":93}},"63":{"start":{"line":81,"column":2},"end":{"line":81,"column":117}},"64":{"start":{"line":81,"column":41},"end":{"line":81,"column":85}},"65":{"start":{"line":81,"column":87},"end":{"line":81,"column":106}},"66":{"start":{"line":81,"column":107},"end":{"line":81,"column":115}},"67":{"start":{"line":82,"column":18},"end":{"line":82,"column":28}},"68":{"start":{"line":83,"column":2},"end":{"line":83,"column":68}},"69":{"start":{"line":83,"column":31},"end":{"line":83,"column":68}},"70":{"start":{"line":84,"column":2},"end":{"line":84,"column":32}},"71":{"start":{"line":85,"column":2},"end":{"line":85,"column":26}},"72":{"start":{"line":88,"column":22},"end":{"line":92,"column":1}},"73":{"start":{"line":89,"column":18},"end":{"line":89,"column":44}},"74":{"start":{"line":90,"column":2},"end":{"line":90,"column":95}},"75":{"start":{"line":90,"column":28},"end":{"line":90,"column":63}},"76":{"start":{"line":90,"column":65},"end":{"line":90,"column":84}},"77":{"start":{"line":90,"column":85},"end":{"line":90,"column":93}},"78":{"start":{"line":91,"column":2},"end":{"line":91,"column":26}},"79":{"start":{"line":95,"column":19},"end":{"line":103,"column":1}},"80":{"start":{"line":96,"column":18},"end":{"line":96,"column":57}},"81":{"start":{"line":97,"column":2},"end":{"line":97,"column":95}},"82":{"start":{"line":97,"column":28},"end":{"line":97,"column":63}},"83":{"start":{"line":97,"column":65},"end":{"line":97,"column":84}},"84":{"start":{"line":97,"column":85},"end":{"line":97,"column":93}},"85":{"start":{"line":98,"column":2},"end":{"line":101,"column":3}},"86":{"start":{"line":99,"column":19},"end":{"line":99,"column":94}},"87":{"start":{"line":100,"column":4},"end":{"line":100,"column":98}},"88":{"start":{"line":100,"column":29},"end":{"line":100,"column":66}},"89":{"start":{"line":100,"column":68},"end":{"line":100,"column":87}},"90":{"start":{"line":100,"column":88},"end":{"line":100,"column":96}},"91":{"start":{"line":102,"column":2},"end":{"line":102,"column":59}},"92":{"start":{"line":105,"column":19},"end":{"line":121,"column":1}},"93":{"start":{"line":106,"column":15},"end":{"line":106,"column":92}},"94":{"start":{"line":107,"column":2},"end":{"line":107,"column":89}},"95":{"start":{"line":107,"column":25},"end":{"line":107,"column":57}},"96":{"start":{"line":107,"column":59},"end":{"line":107,"column":78}},"97":{"start":{"line":107,"column":79},"end":{"line":107,"column":87}},"98":{"start":{"line":108,"column":2},"end":{"line":114,"column":3}},"99":{"start":{"line":109,"column":4},"end":{"line":109,"column":118}},"100":{"start":{"line":109,"column":50},"end":{"line":109,"column":86}},"101":{"start":{"line":109,"column":88},"end":{"line":109,"column":107}},"102":{"start":{"line":109,"column":108},"end":{"line":109,"column":116}},"103":{"start":{"line":110,"column":20},"end":{"line":110,"column":69}},"104":{"start":{"line":111,"column":4},"end":{"line":111,"column":82}},"105":{"start":{"line":111,"column":37},"end":{"line":111,"column":78}},"106":{"start":{"line":111,"column":63},"end":{"line":111,"column":78}},"107":{"start":{"line":112,"column":9},"end":{"line":114,"column":3}},"108":{"start":{"line":113,"column":14},"end":{"line":113,"column":50}},"109":{"start":{"line":113,"column":52},"end":{"line":113,"column":71}},"110":{"start":{"line":113,"column":72},"end":{"line":113,"column":80}},"111":{"start":{"line":115,"column":2},"end":{"line":115,"column":67}},"112":{"start":{"line":115,"column":36},"end":{"line":115,"column":67}},"113":{"start":{"line":116,"column":2},"end":{"line":116,"column":26}},"114":{"start":{"line":118,"column":18},"end":{"line":118,"column":113}},"115":{"start":{"line":119,"column":2},"end":{"line":119,"column":102}},"116":{"start":{"line":119,"column":21},"end":{"line":119,"column":102}},"117":{"start":{"line":120,"column":2},"end":{"line":120,"column":105}},"118":{"start":{"line":123,"column":19},"end":{"line":130,"column":1}},"119":{"start":{"line":124,"column":15},"end":{"line":124,"column":42}},"120":{"start":{"line":125,"column":2},"end":{"line":125,"column":89}},"121":{"start":{"line":125,"column":25},"end":{"line":125,"column":57}},"122":{"start":{"line":125,"column":59},"end":{"line":125,"column":78}},"123":{"start":{"line":125,"column":79},"end":{"line":125,"column":87}},"124":{"start":{"line":126,"column":17},"end":{"line":126,"column":84}},"125":{"start":{"line":127,"column":2},"end":{"line":127,"column":96}},"126":{"start":{"line":127,"column":27},"end":{"line":127,"column":64}},"127":{"start":{"line":127,"column":66},"end":{"line":127,"column":85}},"128":{"start":{"line":127,"column":86},"end":{"line":127,"column":94}},"129":{"start":{"line":128,"column":2},"end":{"line":128,"column":70}},"130":{"start":{"line":129,"column":2},"end":{"line":129,"column":105}},"131":{"start":{"line":133,"column":20},"end":{"line":140,"column":1}},"132":{"start":{"line":134,"column":18},"end":{"line":134,"column":57}},"133":{"start":{"line":135,"column":2},"end":{"line":135,"column":95}},"134":{"start":{"line":135,"column":28},"end":{"line":135,"column":63}},"135":{"start":{"line":135,"column":65},"end":{"line":135,"column":84}},"136":{"start":{"line":135,"column":85},"end":{"line":135,"column":93}},"137":{"start":{"line":136,"column":24},"end":{"line":136,"column":28}},"138":{"start":{"line":137,"column":2},"end":{"line":138,"column":82}},"139":{"start":{"line":138,"column":4},"end":{"line":138,"column":82}},"140":{"start":{"line":139,"column":2},"end":{"line":139,"column":125}},"141":{"start":{"line":142,"column":20},"end":{"line":152,"column":1}},"142":{"start":{"line":143,"column":2},"end":{"line":151,"column":5}},"143":{"start":{"line":154,"column":21},"end":{"line":164,"column":1}},"144":{"start":{"line":155,"column":2},"end":{"line":163,"column":5}},"145":{"start":{"line":166,"column":26},"end":{"line":218,"column":1}},"146":{"start":{"line":167,"column":16},"end":{"line":172,"column":4}},"147":{"start":{"line":173,"column":2},"end":{"line":173,"column":95}},"148":{"start":{"line":173,"column":26},"end":{"line":173,"column":63}},"149":{"start":{"line":173,"column":65},"end":{"line":173,"column":84}},"150":{"start":{"line":173,"column":85},"end":{"line":173,"column":93}},"151":{"start":{"line":175,"column":18},"end":{"line":175,"column":67}},"152":{"start":{"line":176,"column":2},"end":{"line":176,"column":119}},"153":{"start":{"line":176,"column":45},"end":{"line":176,"column":87}},"154":{"start":{"line":176,"column":89},"end":{"line":176,"column":108}},"155":{"start":{"line":176,"column":109},"end":{"line":176,"column":117}},"156":{"start":{"line":178,"column":18},"end":{"line":178,"column":34}},"157":{"start":{"line":179,"column":2},"end":{"line":207,"column":3}},"158":{"start":{"line":180,"column":20},"end":{"line":195,"column":6}},"159":{"start":{"line":197,"column":4},"end":{"line":204,"column":7}},"160":{"start":{"line":206,"column":4},"end":{"line":206,"column":27}},"161":{"start":{"line":209,"column":2},"end":{"line":209,"column":56}},"162":{"start":{"line":210,"column":2},"end":{"line":217,"column":5}},"163":{"start":{"line":221,"column":19},"end":{"line":229,"column":1}},"164":{"start":{"line":222,"column":16},"end":{"line":222,"column":55}},"165":{"start":{"line":223,"column":2},"end":{"line":223,"column":53}},"166":{"start":{"line":223,"column":12},"end":{"line":223,"column":53}},"167":{"start":{"line":224,"column":2},"end":{"line":228,"column":5}},"168":{"start":{"line":231,"column":0},"end":{"line":237,"column":2}}},"fnMap":{"0":{"name":"(anonymous_0)","decl":{"start":{"line":5,"column":20},"end":{"line":5,"column":21}},"loc":{"start":{"line":5,"column":40},"end":{"line":9,"column":1}},"line":5},"1":{"name":"(anonymous_1)","decl":{"start":{"line":11,"column":23},"end":{"line":11,"column":24}},"loc":{"start":{"line":11,"column":37},"end":{"line":15,"column":1}},"line":11},"2":{"name":"(anonymous_2)","decl":{"start":{"line":17,"column":22},"end":{"line":17,"column":23}},"loc":{"start":{"line":17,"column":38},"end":{"line":17,"column":58}},"line":17},"3":{"name":"(anonymous_3)","decl":{"start":{"line":20,"column":20},"end":{"line":20,"column":21}},"loc":{"start":{"line":20,"column":36},"end":{"line":40,"column":1}},"line":20},"4":{"name":"(anonymous_4)","decl":{"start":{"line":26,"column":38},"end":{"line":26,"column":39}},"loc":{"start":{"line":26,"column":43},"end":{"line":26,"column":55}},"line":26},"5":{"name":"(anonymous_5)","decl":{"start":{"line":42,"column":23},"end":{"line":42,"column":24}},"loc":{"start":{"line":42,"column":43},"end":{"line":68,"column":1}},"line":42},"6":{"name":"(anonymous_6)","decl":{"start":{"line":70,"column":22},"end":{"line":70,"column":23}},"loc":{"start":{"line":70,"column":47},"end":{"line":76,"column":1}},"line":70},"7":{"name":"(anonymous_7)","decl":{"start":{"line":78,"column":28},"end":{"line":78,"column":29}},"loc":{"start":{"line":78,"column":56},"end":{"line":86,"column":1}},"line":78},"8":{"name":"(anonymous_8)","decl":{"start":{"line":88,"column":22},"end":{"line":88,"column":23}},"loc":{"start":{"line":88,"column":36},"end":{"line":92,"column":1}},"line":88},"9":{"name":"(anonymous_9)","decl":{"start":{"line":95,"column":19},"end":{"line":95,"column":20}},"loc":{"start":{"line":95,"column":48},"end":{"line":103,"column":1}},"line":95},"10":{"name":"(anonymous_10)","decl":{"start":{"line":105,"column":19},"end":{"line":105,"column":20}},"loc":{"start":{"line":105,"column":49},"end":{"line":121,"column":1}},"line":105},"11":{"name":"(anonymous_11)","decl":{"start":{"line":111,"column":30},"end":{"line":111,"column":31}},"loc":{"start":{"line":111,"column":35},"end":{"line":111,"column":80}},"line":111},"12":{"name":"(anonymous_12)","decl":{"start":{"line":123,"column":19},"end":{"line":123,"column":20}},"loc":{"start":{"line":123,"column":47},"end":{"line":130,"column":1}},"line":123},"13":{"name":"(anonymous_13)","decl":{"start":{"line":133,"column":20},"end":{"line":133,"column":21}},"loc":{"start":{"line":133,"column":46},"end":{"line":140,"column":1}},"line":133},"14":{"name":"(anonymous_14)","decl":{"start":{"line":142,"column":20},"end":{"line":142,"column":21}},"loc":{"start":{"line":142,"column":40},"end":{"line":152,"column":1}},"line":142},"15":{"name":"(anonymous_15)","decl":{"start":{"line":154,"column":21},"end":{"line":154,"column":22}},"loc":{"start":{"line":154,"column":33},"end":{"line":164,"column":1}},"line":154},"16":{"name":"(anonymous_16)","decl":{"start":{"line":166,"column":26},"end":{"line":166,"column":27}},"loc":{"start":{"line":166,"column":62},"end":{"line":218,"column":1}},"line":166},"17":{"name":"(anonymous_17)","decl":{"start":{"line":221,"column":19},"end":{"line":221,"column":20}},"loc":{"start":{"line":221,"column":35},"end":{"line":229,"column":1}},"line":221}},"branchMap":{"0":{"loc":{"start":{"line":7,"column":2},"end":{"line":7,"column":42}},"type":"if","locations":[{"start":{"line":7,"column":2},"end":{"line":7,"column":42}},{"start":{},"end":{}}],"line":7},"1":{"loc":{"start":{"line":13,"column":2},"end":{"line":13,"column":89}},"type":"if","locations":[{"start":{"line":13,"column":2},"end":{"line":13,"column":89}},{"start":{},"end":{}}],"line":13},"2":{"loc":{"start":{"line":22,"column":2},"end":{"line":29,"column":3}},"type":"if","locations":[{"start":{"line":22,"column":2},"end":{"line":29,"column":3}},{"start":{"line":24,"column":9},"end":{"line":29,"column":3}}],"line":22},"3":{"loc":{"start":{"line":24,"column":9},"end":{"line":29,"column":3}},"type":"if","locations":[{"start":{"line":24,"column":9},"end":{"line":29,"column":3}},{"start":{},"end":{}}],"line":24},"4":{"loc":{"start":{"line":27,"column":4},"end":{"line":27,"column":36}},"type":"if","locations":[{"start":{"line":27,"column":4},"end":{"line":27,"column":36}},{"start":{},"end":{}}],"line":27},"5":{"loc":{"start":{"line":57,"column":2},"end":{"line":57,"column":95}},"type":"if","locations":[{"start":{"line":57,"column":2},"end":{"line":57,"column":95}},{"start":{},"end":{}}],"line":57},"6":{"loc":{"start":{"line":58,"column":2},"end":{"line":60,"column":3}},"type":"if","locations":[{"start":{"line":58,"column":2},"end":{"line":60,"column":3}},{"start":{},"end":{}}],"line":58},"7":{"loc":{"start":{"line":58,"column":6},"end":{"line":58,"column":62}},"type":"binary-expr","locations":[{"start":{"line":58,"column":6},"end":{"line":58,"column":29}},{"start":{"line":58,"column":33},"end":{"line":58,"column":62}}],"line":58},"8":{"loc":{"start":{"line":61,"column":2},"end":{"line":66,"column":3}},"type":"if","locations":[{"start":{"line":61,"column":2},"end":{"line":66,"column":3}},{"start":{},"end":{}}],"line":61},"9":{"loc":{"start":{"line":63,"column":4},"end":{"line":65,"column":5}},"type":"if","locations":[{"start":{"line":63,"column":4},"end":{"line":65,"column":5}},{"start":{},"end":{}}],"line":63},"10":{"loc":{"start":{"line":72,"column":2},"end":{"line":72,"column":95}},"type":"if","locations":[{"start":{"line":72,"column":2},"end":{"line":72,"column":95}},{"start":{},"end":{}}],"line":72},"11":{"loc":{"start":{"line":74,"column":2},"end":{"line":74,"column":93}},"type":"if","locations":[{"start":{"line":74,"column":2},"end":{"line":74,"column":93}},{"start":{},"end":{}}],"line":74},"12":{"loc":{"start":{"line":80,"column":2},"end":{"line":80,"column":95}},"type":"if","locations":[{"start":{"line":80,"column":2},"end":{"line":80,"column":95}},{"start":{},"end":{}}],"line":80},"13":{"loc":{"start":{"line":81,"column":2},"end":{"line":81,"column":117}},"type":"if","locations":[{"start":{"line":81,"column":2},"end":{"line":81,"column":117}},{"start":{},"end":{}}],"line":81},"14":{"loc":{"start":{"line":83,"column":2},"end":{"line":83,"column":68}},"type":"if","locations":[{"start":{"line":83,"column":2},"end":{"line":83,"column":68}},{"start":{},"end":{}}],"line":83},"15":{"loc":{"start":{"line":90,"column":2},"end":{"line":90,"column":95}},"type":"if","locations":[{"start":{"line":90,"column":2},"end":{"line":90,"column":95}},{"start":{},"end":{}}],"line":90},"16":{"loc":{"start":{"line":97,"column":2},"end":{"line":97,"column":95}},"type":"if","locations":[{"start":{"line":97,"column":2},"end":{"line":97,"column":95}},{"start":{},"end":{}}],"line":97},"17":{"loc":{"start":{"line":98,"column":2},"end":{"line":101,"column":3}},"type":"if","locations":[{"start":{"line":98,"column":2},"end":{"line":101,"column":3}},{"start":{},"end":{}}],"line":98},"18":{"loc":{"start":{"line":100,"column":4},"end":{"line":100,"column":98}},"type":"if","locations":[{"start":{"line":100,"column":4},"end":{"line":100,"column":98}},{"start":{},"end":{}}],"line":100},"19":{"loc":{"start":{"line":107,"column":2},"end":{"line":107,"column":89}},"type":"if","locations":[{"start":{"line":107,"column":2},"end":{"line":107,"column":89}},{"start":{},"end":{}}],"line":107},"20":{"loc":{"start":{"line":108,"column":2},"end":{"line":114,"column":3}},"type":"if","locations":[{"start":{"line":108,"column":2},"end":{"line":114,"column":3}},{"start":{"line":112,"column":9},"end":{"line":114,"column":3}}],"line":108},"21":{"loc":{"start":{"line":109,"column":4},"end":{"line":109,"column":118}},"type":"if","locations":[{"start":{"line":109,"column":4},"end":{"line":109,"column":118}},{"start":{},"end":{}}],"line":109},"22":{"loc":{"start":{"line":111,"column":37},"end":{"line":111,"column":78}},"type":"if","locations":[{"start":{"line":111,"column":37},"end":{"line":111,"column":78}},{"start":{},"end":{}}],"line":111},"23":{"loc":{"start":{"line":112,"column":9},"end":{"line":114,"column":3}},"type":"if","locations":[{"start":{"line":112,"column":9},"end":{"line":114,"column":3}},{"start":{},"end":{}}],"line":112},"24":{"loc":{"start":{"line":115,"column":2},"end":{"line":115,"column":67}},"type":"if","locations":[{"start":{"line":115,"column":2},"end":{"line":115,"column":67}},{"start":{},"end":{}}],"line":115},"25":{"loc":{"start":{"line":119,"column":2},"end":{"line":119,"column":102}},"type":"if","locations":[{"start":{"line":119,"column":2},"end":{"line":119,"column":102}},{"start":{},"end":{}}],"line":119},"26":{"loc":{"start":{"line":125,"column":2},"end":{"line":125,"column":89}},"type":"if","locations":[{"start":{"line":125,"column":2},"end":{"line":125,"column":89}},{"start":{},"end":{}}],"line":125},"27":{"loc":{"start":{"line":127,"column":2},"end":{"line":127,"column":96}},"type":"if","locations":[{"start":{"line":127,"column":2},"end":{"line":127,"column":96}},{"start":{},"end":{}}],"line":127},"28":{"loc":{"start":{"line":135,"column":2},"end":{"line":135,"column":95}},"type":"if","locations":[{"start":{"line":135,"column":2},"end":{"line":135,"column":95}},{"start":{},"end":{}}],"line":135},"29":{"loc":{"start":{"line":137,"column":2},"end":{"line":138,"column":82}},"type":"if","locations":[{"start":{"line":137,"column":2},"end":{"line":138,"column":82}},{"start":{},"end":{}}],"line":137},"30":{"loc":{"start":{"line":137,"column":6},"end":{"line":137,"column":42}},"type":"binary-expr","locations":[{"start":{"line":137,"column":6},"end":{"line":137,"column":24}},{"start":{"line":137,"column":28},"end":{"line":137,"column":42}}],"line":137},"31":{"loc":{"start":{"line":173,"column":2},"end":{"line":173,"column":95}},"type":"if","locations":[{"start":{"line":173,"column":2},"end":{"line":173,"column":95}},{"start":{},"end":{}}],"line":173},"32":{"loc":{"start":{"line":176,"column":2},"end":{"line":176,"column":119}},"type":"if","locations":[{"start":{"line":176,"column":2},"end":{"line":176,"column":119}},{"start":{},"end":{}}],"line":176},"33":{"loc":{"start":{"line":179,"column":2},"end":{"line":207,"column":3}},"type":"if","locations":[{"start":{"line":179,"column":2},"end":{"line":207,"column":3}},{"start":{},"end":{}}],"line":179},"34":{"loc":{"start":{"line":179,"column":6},"end":{"line":179,"column":41}},"type":"binary-expr","locations":[{"start":{"line":179,"column":6},"end":{"line":179,"column":27}},{"start":{"line":179,"column":31},"end":{"line":179,"column":41}}],"line":179},"35":{"loc":{"start":{"line":181,"column":16},"end":{"line":181,"column":49}},"type":"binary-expr","locations":[{"start":{"line":181,"column":16},"end":{"line":181,"column":35}},{"start":{"line":181,"column":39},"end":{"line":181,"column":49}}],"line":181},"36":{"loc":{"start":{"line":182,"column":19},"end":{"line":182,"column":79}},"type":"binary-expr","locations":[{"start":{"line":182,"column":19},"end":{"line":182,"column":30}},{"start":{"line":182,"column":34},"end":{"line":182,"column":79}}],"line":182},"37":{"loc":{"start":{"line":223,"column":2},"end":{"line":223,"column":53}},"type":"if","locations":[{"start":{"line":223,"column":2},"end":{"line":223,"column":53}},{"start":{},"end":{}}],"line":223}},"s":{"0":1,"1":1,"2":1,"3":0,"4":0,"5":0,"6":0,"7":1,"8":0,"9":0,"10":0,"11":0,"12":0,"13":0,"14":1,"15":0,"16":1,"17":0,"18":0,"19":0,"20":0,"21":0,"22":0,"23":0,"24":0,"25":0,"26":0,"27":0,"28":1,"29":1,"30":1,"31":0,"32":0,"33":0,"34":1,"35":0,"36":0,"37":0,"38":1,"39":1,"40":1,"41":1,"42":1,"43":1,"44":0,"45":1,"46":0,"47":0,"48":0,"49":0,"50":0,"51":0,"52":0,"53":0,"54":0,"55":0,"56":0,"57":1,"58":0,"59":0,"60":0,"61":0,"62":0,"63":0,"64":0,"65":0,"66":0,"67":0,"68":0,"69":0,"70":0,"71":0,"72":1,"73":0,"74":0,"75":0,"76":0,"77":0,"78":0,"79":1,"80":0,"81":0,"82":0,"83":0,"84":0,"85":0,"86":0,"87":0,"88":0,"89":0,"90":0,"91":0,"92":1,"93":1,"94":1,"95":0,"96":0,"97":0,"98":1,"99":0,"100":0,"101":0,"102":0,"103":0,"104":0,"105":0,"106":0,"107":1,"108":1,"109":1,"110":1,"111":0,"112":0,"113":0,"114":0,"115":0,"116":0,"117":0,"118":1,"119":0,"120":0,"121":0,"122":0,"123":0,"124":0,"125":0,"126":0,"127":0,"128":0,"129":0,"130":0,"131":1,"132":0,"133":0,"134":0,"135":0,"136":0,"137":0,"138":0,"139":0,"140":0,"141":1,"142":0,"143":1,"144":0,"145":1,"146":1,"147":1,"148":0,"149":0,"150":0,"151":1,"152":1,"153":0,"154":0,"155":0,"156":1,"157":1,"158":1,"159":1,"160":1,"161":1,"162":1,"163":1,"164":0,"165":0,"166":0,"167":0,"168":1},"f":{"0":0,"1":0,"2":0,"3":0,"4":0,"5":1,"6":0,"7":0,"8":0,"9":0,"10":1,"11":0,"12":0,"13":0,"14":0,"15":0,"16":1,"17":0},"b":{"0":[0,0],"1":[0,0],"2":[0,0],"3":[0,0],"4":[0,0],"5":[0,1],"6":[0,1],"7":[1,0],"8":[1,0],"9":[1,0],"10":[0,0],"11":[0,0],"12":[0,0],"13":[0,0],"14":[0,0],"15":[0,0],"16":[0,0],"17":[0,0],"18":[0,0],"19":[0,1],"20":[0,1],"21":[0,0],"22":[0,0],"23":[1,0],"24":[0,0],"25":[0,0],"26":[0,0],"27":[0,0],"28":[0,0],"29":[0,0],"30":[0,0],"31":[0,1],"32":[0,1],"33":[1,0],"34":[1,1],"35":[1,0],"36":[1,0],"37":[0,0]},"_coverageSchema":"1a1c01bbd47fc00a2c39e90264f33305004495a9","hash":"291eef757770f074dea608b2ebeb34f41ec5fcbe"}
}
