TN:
SF:src\services\authService.js
FN:5,(anonymous_0)
FN:16,(anonymous_1)
FN:27,(anonymous_2)
FN:40,(anonymous_3)
FN:49,(anonymous_4)
FN:59,(anonymous_5)
FNF:6
FNH:1
FNDA:0,(anonymous_0)
FNDA:0,(anonymous_1)
FNDA:0,(anonymous_2)
FNDA:0,(anonymous_3)
FNDA:2,(anonymous_4)
FNDA:0,(anonymous_5)
DA:1,1
DA:2,1
DA:3,1
DA:5,1
DA:6,0
DA:7,0
DA:9,0
DA:10,0
DA:11,0
DA:12,0
DA:13,0
DA:16,1
DA:17,0
DA:18,0
DA:19,0
DA:20,0
DA:21,0
DA:22,0
DA:23,0
DA:24,0
DA:27,1
DA:29,0
DA:30,0
DA:31,0
DA:32,0
DA:33,0
DA:34,0
DA:35,0
DA:36,0
DA:37,0
DA:40,1
DA:41,0
DA:42,0
DA:43,0
DA:44,0
DA:45,0
DA:49,1
DA:50,2
DA:51,2
DA:52,2
DA:53,2
DA:54,2
DA:55,1
DA:56,1
DA:59,1
DA:60,0
DA:61,0
DA:62,0
DA:64,0
DA:65,0
DA:66,0
DA:69,1
LF:52
LH:17
BRDA:5,0,0,0
BRDA:6,1,0,0
BRDA:6,1,1,0
BRDA:18,2,0,0
BRDA:18,2,1,0
BRDA:19,3,0,0
BRDA:19,3,1,0
BRDA:20,4,0,0
BRDA:20,4,1,0
BRDA:32,5,0,0
BRDA:32,5,1,0
BRDA:32,6,0,0
BRDA:32,6,1,0
BRDA:34,7,0,0
BRDA:34,7,1,0
BRDA:34,8,0,0
BRDA:34,8,1,0
BRDA:43,9,0,0
BRDA:43,9,1,0
BRDA:45,10,0,0
BRDA:45,10,1,0
BRDA:51,11,0,0
BRDA:51,11,1,2
BRDA:54,12,0,1
BRDA:54,12,1,1
BRDA:61,13,0,0
BRDA:61,13,1,0
BRDA:61,14,0,0
BRDA:61,14,1,0
BRF:29
BRH:3
end_of_record
TN:
SF:src\services\projectService.js
FN:5,(anonymous_0)
FN:11,(anonymous_1)
FN:17,(anonymous_2)
FN:20,(anonymous_3)
FN:26,(anonymous_4)
FN:42,(anonymous_5)
FN:70,(anonymous_6)
FN:78,(anonymous_7)
FN:88,(anonymous_8)
FN:95,(anonymous_9)
FN:105,(anonymous_10)
FN:111,(anonymous_11)
FN:123,(anonymous_12)
FN:133,(anonymous_13)
FN:142,(anonymous_14)
FN:154,(anonymous_15)
FN:166,(anonymous_16)
FN:221,(anonymous_17)
FNF:18
FNH:3
FNDA:0,(anonymous_0)
FNDA:0,(anonymous_1)
FNDA:0,(anonymous_2)
FNDA:0,(anonymous_3)
FNDA:0,(anonymous_4)
FNDA:1,(anonymous_5)
FNDA:0,(anonymous_6)
FNDA:0,(anonymous_7)
FNDA:0,(anonymous_8)
FNDA:0,(anonymous_9)
FNDA:1,(anonymous_10)
FNDA:0,(anonymous_11)
FNDA:0,(anonymous_12)
FNDA:0,(anonymous_13)
FNDA:0,(anonymous_14)
FNDA:0,(anonymous_15)
FNDA:1,(anonymous_16)
FNDA:0,(anonymous_17)
DA:1,1
DA:2,1
DA:5,1
DA:6,0
DA:7,0
DA:8,0
DA:11,1
DA:12,0
DA:13,0
DA:14,0
DA:17,1
DA:20,1
DA:21,0
DA:22,0
DA:23,0
DA:24,0
DA:25,0
DA:26,0
DA:27,0
DA:28,0
DA:30,0
DA:42,1
DA:43,1
DA:57,1
DA:58,1
DA:59,0
DA:61,1
DA:62,1
DA:63,1
DA:64,1
DA:67,0
DA:70,1
DA:71,0
DA:72,0
DA:73,0
DA:74,0
DA:75,0
DA:78,1
DA:79,0
DA:80,0
DA:81,0
DA:82,0
DA:83,0
DA:84,0
DA:85,0
DA:88,1
DA:89,0
DA:90,0
DA:91,0
DA:95,1
DA:96,0
DA:97,0
DA:98,0
DA:99,0
DA:100,0
DA:102,0
DA:105,1
DA:106,1
DA:107,1
DA:108,1
DA:109,0
DA:110,0
DA:111,0
DA:112,1
DA:113,1
DA:115,0
DA:116,0
DA:118,0
DA:119,0
DA:120,0
DA:123,1
DA:124,0
DA:125,0
DA:126,0
DA:127,0
DA:128,0
DA:129,0
DA:133,1
DA:134,0
DA:135,0
DA:136,0
DA:137,0
DA:138,0
DA:139,0
DA:142,1
DA:143,0
DA:154,1
DA:155,0
DA:166,1
DA:167,1
DA:173,1
DA:175,1
DA:176,1
DA:178,1
DA:179,1
DA:180,1
DA:197,1
DA:206,1
DA:209,1
DA:210,1
DA:221,1
DA:222,0
DA:223,0
DA:224,0
DA:231,1
LF:105
LH:42
BRDA:7,0,0,0
BRDA:7,0,1,0
BRDA:13,1,0,0
BRDA:13,1,1,0
BRDA:22,2,0,0
BRDA:22,2,1,0
BRDA:24,3,0,0
BRDA:24,3,1,0
BRDA:27,4,0,0
BRDA:27,4,1,0
BRDA:57,5,0,0
BRDA:57,5,1,1
BRDA:58,6,0,0
BRDA:58,6,1,1
BRDA:58,7,0,1
BRDA:58,7,1,0
BRDA:61,8,0,1
BRDA:61,8,1,0
BRDA:63,9,0,1
BRDA:63,9,1,0
BRDA:72,10,0,0
BRDA:72,10,1,0
BRDA:74,11,0,0
BRDA:74,11,1,0
BRDA:80,12,0,0
BRDA:80,12,1,0
BRDA:81,13,0,0
BRDA:81,13,1,0
BRDA:83,14,0,0
BRDA:83,14,1,0
BRDA:90,15,0,0
BRDA:90,15,1,0
BRDA:97,16,0,0
BRDA:97,16,1,0
BRDA:98,17,0,0
BRDA:98,17,1,0
BRDA:100,18,0,0
BRDA:100,18,1,0
BRDA:107,19,0,0
BRDA:107,19,1,1
BRDA:108,20,0,0
BRDA:108,20,1,1
BRDA:109,21,0,0
BRDA:109,21,1,0
BRDA:111,22,0,0
BRDA:111,22,1,0
BRDA:112,23,0,1
BRDA:112,23,1,0
BRDA:115,24,0,0
BRDA:115,24,1,0
BRDA:119,25,0,0
BRDA:119,25,1,0
BRDA:125,26,0,0
BRDA:125,26,1,0
BRDA:127,27,0,0
BRDA:127,27,1,0
BRDA:135,28,0,0
BRDA:135,28,1,0
BRDA:137,29,0,0
BRDA:137,29,1,0
BRDA:137,30,0,0
BRDA:137,30,1,0
BRDA:173,31,0,0
BRDA:173,31,1,1
BRDA:176,32,0,0
BRDA:176,32,1,1
BRDA:179,33,0,1
BRDA:179,33,1,0
BRDA:179,34,0,1
BRDA:179,34,1,1
BRDA:181,35,0,1
BRDA:181,35,1,0
BRDA:182,36,0,1
BRDA:182,36,1,0
BRDA:223,37,0,0
BRDA:223,37,1,0
BRF:76
BRH:15
end_of_record
